Dec 08, 2020 6:38:03 PM org.apache.catalina.startup.VersionLoggerListener log
INFO: Server version name:   Apache Tomcat/7.0.107
Dec 08, 2020 6:38:03 PM org.apache.catalina.startup.VersionLoggerListener log
INFO: Server built:          Nov 18 2020 12:18:55 UTC
Dec 08, 2020 6:38:03 PM org.apache.catalina.startup.VersionLoggerListener log
INFO: Server version number: 7.0.107.0
Dec 08, 2020 6:38:03 PM org.apache.catalina.startup.VersionLoggerListener log
INFO: OS Name:               Windows 10
Dec 08, 2020 6:38:03 PM org.apache.catalina.startup.VersionLoggerListener log
INFO: OS Version:            10.0
Dec 08, 2020 6:38:03 PM org.apache.catalina.startup.VersionLoggerListener log
INFO: Architecture:          amd64
Dec 08, 2020 6:38:03 PM org.apache.catalina.startup.VersionLoggerListener log
INFO: Java Home:             C:\Program Files\AdoptOpenJDK\jdk-11.0.7.10-hotspot
Dec 08, 2020 6:38:03 PM org.apache.catalina.startup.VersionLoggerListener log
INFO: JVM Version:           11.0.7+10
Dec 08, 2020 6:38:03 PM org.apache.catalina.startup.VersionLoggerListener log
INFO: JVM Vendor:            AdoptOpenJDK
Dec 08, 2020 6:38:03 PM org.apache.catalina.startup.VersionLoggerListener log
INFO: CATALINA_BASE:         C:\Users\navis\Tomcat\apache-tomcat-7.0.107
Dec 08, 2020 6:38:03 PM org.apache.catalina.startup.VersionLoggerListener log
INFO: CATALINA_HOME:         C:\Users\navis\Tomcat\apache-tomcat-7.0.107
Dec 08, 2020 6:38:03 PM org.apache.catalina.startup.VersionLoggerListener log
INFO: Command line argument: --add-opens=java.base/java.lang=ALL-UNNAMED
Dec 08, 2020 6:38:03 PM org.apache.catalina.startup.VersionLoggerListener log
INFO: Command line argument: --add-opens=java.base/java.io=ALL-UNNAMED
Dec 08, 2020 6:38:03 PM org.apache.catalina.startup.VersionLoggerListener log
INFO: Command line argument: --add-opens=java.rmi/sun.rmi.transport=ALL-UNNAMED
Dec 08, 2020 6:38:03 PM org.apache.catalina.startup.VersionLoggerListener log
INFO: Command line argument: -Djava.util.logging.config.file=C:\Users\navis\Tomcat\apache-tomcat-7.0.107\conf\logging.properties
Dec 08, 2020 6:38:03 PM org.apache.catalina.startup.VersionLoggerListener log
INFO: Command line argument: -Djava.util.logging.manager=org.apache.juli.ClassLoaderLogManager
Dec 08, 2020 6:38:03 PM org.apache.catalina.startup.VersionLoggerListener log
INFO: Command line argument: -Djdk.tls.ephemeralDHKeySize=2048
Dec 08, 2020 6:38:03 PM org.apache.catalina.startup.VersionLoggerListener log
INFO: Command line argument: -Dignore.endorsed.dirs=
Dec 08, 2020 6:38:03 PM org.apache.catalina.startup.VersionLoggerListener log
INFO: Command line argument: -Dcatalina.base=C:\Users\navis\Tomcat\apache-tomcat-7.0.107
Dec 08, 2020 6:38:03 PM org.apache.catalina.startup.VersionLoggerListener log
INFO: Command line argument: -Dcatalina.home=C:\Users\navis\Tomcat\apache-tomcat-7.0.107
Dec 08, 2020 6:38:03 PM org.apache.catalina.startup.VersionLoggerListener log
INFO: Command line argument: -Djava.io.tmpdir=C:\Users\navis\Tomcat\apache-tomcat-7.0.107\temp
Dec 08, 2020 6:38:03 PM org.apache.catalina.core.AprLifecycleListener lifecycleEvent
INFO: The Apache Tomcat Native library which allows using OpenSSL was not found on the java.library.path: [C:\Program Files\AdoptOpenJDK\jdk-11.0.7.10-hotspot\bin;C:\WINDOWS\Sun\Java\bin;C:\WINDOWS\system32;C:\WINDOWS;C:\Program Files\AdoptOpenJDK\jdk-11.0.7.10-hotspot\bin;C:\Program Files\AdoptOpenJDK\jdk-8.0.232.09-hotspot\bin;C:\Program Files (x86)\Common Files\Oracle\Java\javapath;C:\WINDOWS\system32;C:\WINDOWS;C:\WINDOWS\System32\Wbem;C:\WINDOWS\System32\WindowsPowerShell\v1.0\;C:\WINDOWS\System32\OpenSSH\;C:\Users\navis\AppData\Local\Programs\Python\Python39\Scripts\;C:\Users\navis\AppData\Local\Programs\Python\Python39\;C:\Users\navis\AppData\Local\Microsoft\WindowsApps;;.]
Dec 08, 2020 6:38:03 PM org.apache.coyote.AbstractProtocol init
INFO: Initializing ProtocolHandler ["http-bio-8080"]
Dec 08, 2020 6:38:03 PM org.apache.catalina.startup.Catalina load
INFO: Initialization processed in 1160 ms
Dec 08, 2020 6:38:03 PM org.apache.catalina.core.StandardService startInternal
INFO: Starting service [Catalina]
Dec 08, 2020 6:38:03 PM org.apache.catalina.core.StandardEngine startInternal
INFO: Starting Servlet Engine: Apache Tomcat/7.0.107
Dec 08, 2020 6:38:03 PM org.apache.catalina.startup.HostConfig deployWAR
INFO: Deploying web application archive [C:\Users\navis\Tomcat\apache-tomcat-7.0.107\webapps\AirBnB.war]
Dec 08, 2020 6:38:09 PM org.apache.catalina.startup.TldConfig execute
INFO: At least one JAR was scanned for TLDs yet contained no TLDs. Enable debug logging for this logger for a complete list of JARs that were scanned but no TLDs were found in them. Skipping unneeded JARs during scanning can improve startup time and JSP compilation time.
Dec 08, 2020 6:38:09 PM org.apache.catalina.util.SessionIdGeneratorBase createSecureRandom
WARNING: Creation of SecureRandom instance for session ID generation using [SHA1PRNG] took [104] milliseconds.
Dec 08, 2020 6:38:09 PM org.apache.catalina.startup.HostConfig deployWAR
INFO: Deployment of web application archive [C:\Users\navis\Tomcat\apache-tomcat-7.0.107\webapps\AirBnB.war] has finished in [5,414] ms
Dec 08, 2020 6:38:09 PM org.apache.catalina.startup.HostConfig deployDirectory
INFO: Deploying web application directory [C:\Users\navis\Tomcat\apache-tomcat-7.0.107\webapps\docs]
Dec 08, 2020 6:38:09 PM org.apache.catalina.startup.HostConfig deployDirectory
INFO: Deployment of web application directory [C:\Users\navis\Tomcat\apache-tomcat-7.0.107\webapps\docs] has finished in [64] ms
Dec 08, 2020 6:38:09 PM org.apache.catalina.startup.HostConfig deployDirectory
INFO: Deploying web application directory [C:\Users\navis\Tomcat\apache-tomcat-7.0.107\webapps\examples]
Dec 08, 2020 6:38:09 PM org.apache.catalina.startup.HostConfig deployDirectory
INFO: Deployment of web application directory [C:\Users\navis\Tomcat\apache-tomcat-7.0.107\webapps\examples] has finished in [536] ms
Dec 08, 2020 6:38:09 PM org.apache.catalina.startup.HostConfig deployDirectory
INFO: Deploying web application directory [C:\Users\navis\Tomcat\apache-tomcat-7.0.107\webapps\host-manager]
Dec 08, 2020 6:38:10 PM org.apache.catalina.startup.HostConfig deployDirectory
INFO: Deployment of web application directory [C:\Users\navis\Tomcat\apache-tomcat-7.0.107\webapps\host-manager] has finished in [120] ms
Dec 08, 2020 6:38:10 PM org.apache.catalina.startup.HostConfig deployDirectory
INFO: Deploying web application directory [C:\Users\navis\Tomcat\apache-tomcat-7.0.107\webapps\manager]
Dec 08, 2020 6:38:10 PM org.apache.catalina.startup.HostConfig deployDirectory
INFO: Deployment of web application directory [C:\Users\navis\Tomcat\apache-tomcat-7.0.107\webapps\manager] has finished in [151] ms
Dec 08, 2020 6:38:10 PM org.apache.catalina.startup.HostConfig deployDirectory
INFO: Deploying web application directory [C:\Users\navis\Tomcat\apache-tomcat-7.0.107\webapps\ROOT]
Dec 08, 2020 6:38:10 PM org.apache.catalina.startup.HostConfig deployDirectory
INFO: Deployment of web application directory [C:\Users\navis\Tomcat\apache-tomcat-7.0.107\webapps\ROOT] has finished in [69] ms
Dec 08, 2020 6:38:10 PM org.apache.coyote.AbstractProtocol start
INFO: Starting ProtocolHandler ["http-bio-8080"]
Dec 08, 2020 6:38:10 PM org.apache.catalina.startup.Catalina start
INFO: Server startup in 6802 ms
Dec 08, 2020 7:19:23 PM org.apache.catalina.startup.VersionLoggerListener log
INFO: Server version name:   Apache Tomcat/7.0.107
Dec 08, 2020 7:19:23 PM org.apache.catalina.startup.VersionLoggerListener log
INFO: Server built:          Nov 18 2020 12:18:55 UTC
Dec 08, 2020 7:19:23 PM org.apache.catalina.startup.VersionLoggerListener log
INFO: Server version number: 7.0.107.0
Dec 08, 2020 7:19:23 PM org.apache.catalina.startup.VersionLoggerListener log
INFO: OS Name:               Windows 10
Dec 08, 2020 7:19:23 PM org.apache.catalina.startup.VersionLoggerListener log
INFO: OS Version:            10.0
Dec 08, 2020 7:19:23 PM org.apache.catalina.startup.VersionLoggerListener log
INFO: Architecture:          amd64
Dec 08, 2020 7:19:23 PM org.apache.catalina.startup.VersionLoggerListener log
INFO: Java Home:             C:\Program Files\AdoptOpenJDK\jdk-11.0.7.10-hotspot
Dec 08, 2020 7:19:23 PM org.apache.catalina.startup.VersionLoggerListener log
INFO: JVM Version:           11.0.7+10
Dec 08, 2020 7:19:23 PM org.apache.catalina.startup.VersionLoggerListener log
INFO: JVM Vendor:            AdoptOpenJDK
Dec 08, 2020 7:19:23 PM org.apache.catalina.startup.VersionLoggerListener log
INFO: CATALINA_BASE:         C:\Users\navis\Tomcat\apache-tomcat-7.0.107
Dec 08, 2020 7:19:23 PM org.apache.catalina.startup.VersionLoggerListener log
INFO: CATALINA_HOME:         C:\Users\navis\Tomcat\apache-tomcat-7.0.107
Dec 08, 2020 7:19:23 PM org.apache.catalina.startup.VersionLoggerListener log
INFO: Command line argument: --add-opens=java.base/java.lang=ALL-UNNAMED
Dec 08, 2020 7:19:23 PM org.apache.catalina.startup.VersionLoggerListener log
INFO: Command line argument: --add-opens=java.base/java.io=ALL-UNNAMED
Dec 08, 2020 7:19:23 PM org.apache.catalina.startup.VersionLoggerListener log
INFO: Command line argument: --add-opens=java.rmi/sun.rmi.transport=ALL-UNNAMED
Dec 08, 2020 7:19:23 PM org.apache.catalina.startup.VersionLoggerListener log
INFO: Command line argument: -Djava.util.logging.config.file=C:\Users\navis\Tomcat\apache-tomcat-7.0.107\conf\logging.properties
Dec 08, 2020 7:19:23 PM org.apache.catalina.startup.VersionLoggerListener log
INFO: Command line argument: -Djava.util.logging.manager=org.apache.juli.ClassLoaderLogManager
Dec 08, 2020 7:19:23 PM org.apache.catalina.startup.VersionLoggerListener log
INFO: Command line argument: -Djdk.tls.ephemeralDHKeySize=2048
Dec 08, 2020 7:19:23 PM org.apache.catalina.startup.VersionLoggerListener log
INFO: Command line argument: -Dignore.endorsed.dirs=
Dec 08, 2020 7:19:23 PM org.apache.catalina.startup.VersionLoggerListener log
INFO: Command line argument: -Dcatalina.base=C:\Users\navis\Tomcat\apache-tomcat-7.0.107
Dec 08, 2020 7:19:23 PM org.apache.catalina.startup.VersionLoggerListener log
INFO: Command line argument: -Dcatalina.home=C:\Users\navis\Tomcat\apache-tomcat-7.0.107
Dec 08, 2020 7:19:23 PM org.apache.catalina.startup.VersionLoggerListener log
INFO: Command line argument: -Djava.io.tmpdir=C:\Users\navis\Tomcat\apache-tomcat-7.0.107\temp
Dec 08, 2020 7:19:23 PM org.apache.catalina.core.AprLifecycleListener lifecycleEvent
INFO: The Apache Tomcat Native library which allows using OpenSSL was not found on the java.library.path: [C:\Program Files\AdoptOpenJDK\jdk-11.0.7.10-hotspot\bin;C:\WINDOWS\Sun\Java\bin;C:\WINDOWS\system32;C:\WINDOWS;C:\Program Files\AdoptOpenJDK\jdk-11.0.7.10-hotspot\bin;C:\Program Files\AdoptOpenJDK\jdk-8.0.232.09-hotspot\bin;C:\Program Files (x86)\Common Files\Oracle\Java\javapath;C:\WINDOWS\system32;C:\WINDOWS;C:\WINDOWS\System32\Wbem;C:\WINDOWS\System32\WindowsPowerShell\v1.0\;C:\WINDOWS\System32\OpenSSH\;C:\Users\navis\AppData\Local\Programs\Python\Python39\Scripts\;C:\Users\navis\AppData\Local\Programs\Python\Python39\;C:\Users\navis\AppData\Local\Microsoft\WindowsApps;;.]
Dec 08, 2020 7:19:23 PM org.apache.coyote.AbstractProtocol init
INFO: Initializing ProtocolHandler ["http-bio-8080"]
Dec 08, 2020 7:19:23 PM org.apache.catalina.startup.Catalina load
INFO: Initialization processed in 656 ms
Dec 08, 2020 7:19:23 PM org.apache.catalina.core.StandardService startInternal
INFO: Starting service [Catalina]
Dec 08, 2020 7:19:23 PM org.apache.catalina.core.StandardEngine startInternal
INFO: Starting Servlet Engine: Apache Tomcat/7.0.107
Dec 08, 2020 7:19:23 PM org.apache.catalina.startup.HostConfig deployWAR
INFO: Deploying web application archive [C:\Users\navis\Tomcat\apache-tomcat-7.0.107\webapps\AirBnB.war]
Dec 08, 2020 7:19:24 PM org.apache.catalina.startup.TldConfig execute
INFO: At least one JAR was scanned for TLDs yet contained no TLDs. Enable debug logging for this logger for a complete list of JARs that were scanned but no TLDs were found in them. Skipping unneeded JARs during scanning can improve startup time and JSP compilation time.
Dec 08, 2020 7:19:24 PM org.apache.catalina.startup.HostConfig deployWAR
INFO: Deployment of web application archive [C:\Users\navis\Tomcat\apache-tomcat-7.0.107\webapps\AirBnB.war] has finished in [454] ms
Dec 08, 2020 7:19:24 PM org.apache.catalina.startup.HostConfig deployDirectory
INFO: Deploying web application directory [C:\Users\navis\Tomcat\apache-tomcat-7.0.107\webapps\docs]
Dec 08, 2020 7:19:24 PM org.apache.catalina.startup.HostConfig deployDirectory
INFO: Deployment of web application directory [C:\Users\navis\Tomcat\apache-tomcat-7.0.107\webapps\docs] has finished in [61] ms
Dec 08, 2020 7:19:24 PM org.apache.catalina.startup.HostConfig deployDirectory
INFO: Deploying web application directory [C:\Users\navis\Tomcat\apache-tomcat-7.0.107\webapps\examples]
Dec 08, 2020 7:19:24 PM org.apache.catalina.startup.HostConfig deployDirectory
INFO: Deployment of web application directory [C:\Users\navis\Tomcat\apache-tomcat-7.0.107\webapps\examples] has finished in [289] ms
Dec 08, 2020 7:19:24 PM org.apache.catalina.startup.HostConfig deployDirectory
INFO: Deploying web application directory [C:\Users\navis\Tomcat\apache-tomcat-7.0.107\webapps\host-manager]
Dec 08, 2020 7:19:24 PM org.apache.catalina.startup.HostConfig deployDirectory
INFO: Deployment of web application directory [C:\Users\navis\Tomcat\apache-tomcat-7.0.107\webapps\host-manager] has finished in [59] ms
Dec 08, 2020 7:19:24 PM org.apache.catalina.startup.HostConfig deployDirectory
INFO: Deploying web application directory [C:\Users\navis\Tomcat\apache-tomcat-7.0.107\webapps\manager]
Dec 08, 2020 7:19:24 PM org.apache.catalina.startup.HostConfig deployDirectory
INFO: Deployment of web application directory [C:\Users\navis\Tomcat\apache-tomcat-7.0.107\webapps\manager] has finished in [58] ms
Dec 08, 2020 7:19:24 PM org.apache.catalina.startup.HostConfig deployDirectory
INFO: Deploying web application directory [C:\Users\navis\Tomcat\apache-tomcat-7.0.107\webapps\ROOT]
Dec 08, 2020 7:19:24 PM org.apache.catalina.startup.HostConfig deployDirectory
INFO: Deployment of web application directory [C:\Users\navis\Tomcat\apache-tomcat-7.0.107\webapps\ROOT] has finished in [37] ms
Dec 08, 2020 7:19:24 PM org.apache.coyote.AbstractProtocol start
INFO: Starting ProtocolHandler ["http-bio-8080"]
Dec 08, 2020 7:19:24 PM org.apache.catalina.startup.Catalina start
INFO: Server startup in 1068 ms
Dec 08, 2020 7:22:04 PM org.apache.catalina.startup.VersionLoggerListener log
INFO: Server version name:   Apache Tomcat/7.0.107
Dec 08, 2020 7:22:04 PM org.apache.catalina.startup.VersionLoggerListener log
INFO: Server built:          Nov 18 2020 12:18:55 UTC
Dec 08, 2020 7:22:04 PM org.apache.catalina.startup.VersionLoggerListener log
INFO: Server version number: 7.0.107.0
Dec 08, 2020 7:22:04 PM org.apache.catalina.startup.VersionLoggerListener log
INFO: OS Name:               Windows 10
Dec 08, 2020 7:22:04 PM org.apache.catalina.startup.VersionLoggerListener log
INFO: OS Version:            10.0
Dec 08, 2020 7:22:04 PM org.apache.catalina.startup.VersionLoggerListener log
INFO: Architecture:          amd64
Dec 08, 2020 7:22:04 PM org.apache.catalina.startup.VersionLoggerListener log
INFO: Java Home:             C:\Program Files\AdoptOpenJDK\jdk-11.0.7.10-hotspot
Dec 08, 2020 7:22:04 PM org.apache.catalina.startup.VersionLoggerListener log
INFO: JVM Version:           11.0.7+10
Dec 08, 2020 7:22:04 PM org.apache.catalina.startup.VersionLoggerListener log
INFO: JVM Vendor:            AdoptOpenJDK
Dec 08, 2020 7:22:04 PM org.apache.catalina.startup.VersionLoggerListener log
INFO: CATALINA_BASE:         C:\Users\navis\Tomcat\apache-tomcat-7.0.107
Dec 08, 2020 7:22:04 PM org.apache.catalina.startup.VersionLoggerListener log
INFO: CATALINA_HOME:         C:\Users\navis\Tomcat\apache-tomcat-7.0.107
Dec 08, 2020 7:22:04 PM org.apache.catalina.startup.VersionLoggerListener log
INFO: Command line argument: --add-opens=java.base/java.lang=ALL-UNNAMED
Dec 08, 2020 7:22:04 PM org.apache.catalina.startup.VersionLoggerListener log
INFO: Command line argument: --add-opens=java.base/java.io=ALL-UNNAMED
Dec 08, 2020 7:22:04 PM org.apache.catalina.startup.VersionLoggerListener log
INFO: Command line argument: --add-opens=java.rmi/sun.rmi.transport=ALL-UNNAMED
Dec 08, 2020 7:22:04 PM org.apache.catalina.startup.VersionLoggerListener log
INFO: Command line argument: -Djava.util.logging.config.file=C:\Users\navis\Tomcat\apache-tomcat-7.0.107\conf\logging.properties
Dec 08, 2020 7:22:04 PM org.apache.catalina.startup.VersionLoggerListener log
INFO: Command line argument: -Djava.util.logging.manager=org.apache.juli.ClassLoaderLogManager
Dec 08, 2020 7:22:04 PM org.apache.catalina.startup.VersionLoggerListener log
INFO: Command line argument: -Djdk.tls.ephemeralDHKeySize=2048
Dec 08, 2020 7:22:04 PM org.apache.catalina.startup.VersionLoggerListener log
INFO: Command line argument: -Dignore.endorsed.dirs=
Dec 08, 2020 7:22:04 PM org.apache.catalina.startup.VersionLoggerListener log
INFO: Command line argument: -Dcatalina.base=C:\Users\navis\Tomcat\apache-tomcat-7.0.107
Dec 08, 2020 7:22:04 PM org.apache.catalina.startup.VersionLoggerListener log
INFO: Command line argument: -Dcatalina.home=C:\Users\navis\Tomcat\apache-tomcat-7.0.107
Dec 08, 2020 7:22:04 PM org.apache.catalina.startup.VersionLoggerListener log
INFO: Command line argument: -Djava.io.tmpdir=C:\Users\navis\Tomcat\apache-tomcat-7.0.107\temp
Dec 08, 2020 7:22:04 PM org.apache.catalina.core.AprLifecycleListener lifecycleEvent
INFO: The Apache Tomcat Native library which allows using OpenSSL was not found on the java.library.path: [C:\Program Files\AdoptOpenJDK\jdk-11.0.7.10-hotspot\bin;C:\WINDOWS\Sun\Java\bin;C:\WINDOWS\system32;C:\WINDOWS;C:\Program Files\AdoptOpenJDK\jdk-11.0.7.10-hotspot\bin;C:\Program Files\AdoptOpenJDK\jdk-8.0.232.09-hotspot\bin;C:\Program Files (x86)\Common Files\Oracle\Java\javapath;C:\WINDOWS\system32;C:\WINDOWS;C:\WINDOWS\System32\Wbem;C:\WINDOWS\System32\WindowsPowerShell\v1.0\;C:\WINDOWS\System32\OpenSSH\;C:\Users\navis\AppData\Local\Programs\Python\Python39\Scripts\;C:\Users\navis\AppData\Local\Programs\Python\Python39\;C:\Users\navis\AppData\Local\Microsoft\WindowsApps;;.]
Dec 08, 2020 7:22:04 PM org.apache.coyote.AbstractProtocol init
INFO: Initializing ProtocolHandler ["http-bio-8080"]
Dec 08, 2020 7:22:04 PM org.apache.catalina.startup.Catalina load
INFO: Initialization processed in 704 ms
Dec 08, 2020 7:22:05 PM org.apache.catalina.core.StandardService startInternal
INFO: Starting service [Catalina]
Dec 08, 2020 7:22:05 PM org.apache.catalina.core.StandardEngine startInternal
INFO: Starting Servlet Engine: Apache Tomcat/7.0.107
Dec 08, 2020 7:22:05 PM org.apache.catalina.startup.HostConfig deployWAR
INFO: Deploying web application archive [C:\Users\navis\Tomcat\apache-tomcat-7.0.107\webapps\AirBnB.war]
Dec 08, 2020 7:22:05 PM org.apache.catalina.startup.TldConfig execute
INFO: At least one JAR was scanned for TLDs yet contained no TLDs. Enable debug logging for this logger for a complete list of JARs that were scanned but no TLDs were found in them. Skipping unneeded JARs during scanning can improve startup time and JSP compilation time.
Dec 08, 2020 7:22:05 PM org.apache.catalina.startup.HostConfig deployWAR
INFO: Deployment of web application archive [C:\Users\navis\Tomcat\apache-tomcat-7.0.107\webapps\AirBnB.war] has finished in [503] ms
Dec 08, 2020 7:22:05 PM org.apache.catalina.startup.HostConfig deployDirectory
INFO: Deploying web application directory [C:\Users\navis\Tomcat\apache-tomcat-7.0.107\webapps\docs]
Dec 08, 2020 7:22:05 PM org.apache.catalina.startup.HostConfig deployDirectory
INFO: Deployment of web application directory [C:\Users\navis\Tomcat\apache-tomcat-7.0.107\webapps\docs] has finished in [71] ms
Dec 08, 2020 7:22:05 PM org.apache.catalina.startup.HostConfig deployDirectory
INFO: Deploying web application directory [C:\Users\navis\Tomcat\apache-tomcat-7.0.107\webapps\examples]
Dec 08, 2020 7:22:06 PM org.apache.catalina.startup.HostConfig deployDirectory
INFO: Deployment of web application directory [C:\Users\navis\Tomcat\apache-tomcat-7.0.107\webapps\examples] has finished in [361] ms
Dec 08, 2020 7:22:06 PM org.apache.catalina.startup.HostConfig deployDirectory
INFO: Deploying web application directory [C:\Users\navis\Tomcat\apache-tomcat-7.0.107\webapps\host-manager]
Dec 08, 2020 7:22:06 PM org.apache.catalina.startup.HostConfig deployDirectory
INFO: Deployment of web application directory [C:\Users\navis\Tomcat\apache-tomcat-7.0.107\webapps\host-manager] has finished in [94] ms
Dec 08, 2020 7:22:06 PM org.apache.catalina.startup.HostConfig deployDirectory
INFO: Deploying web application directory [C:\Users\navis\Tomcat\apache-tomcat-7.0.107\webapps\manager]
Dec 08, 2020 7:22:06 PM org.apache.catalina.startup.HostConfig deployDirectory
INFO: Deployment of web application directory [C:\Users\navis\Tomcat\apache-tomcat-7.0.107\webapps\manager] has finished in [76] ms
Dec 08, 2020 7:22:06 PM org.apache.catalina.startup.HostConfig deployDirectory
INFO: Deploying web application directory [C:\Users\navis\Tomcat\apache-tomcat-7.0.107\webapps\ROOT]
Dec 08, 2020 7:22:06 PM org.apache.catalina.startup.HostConfig deployDirectory
INFO: Deployment of web application directory [C:\Users\navis\Tomcat\apache-tomcat-7.0.107\webapps\ROOT] has finished in [61] ms
Dec 08, 2020 7:22:06 PM org.apache.coyote.AbstractProtocol start
INFO: Starting ProtocolHandler ["http-bio-8080"]
Dec 08, 2020 7:22:06 PM org.apache.catalina.startup.Catalina start
INFO: Server startup in 1285 ms
