Dec 08, 2020 6:19:15 PM org.apache.catalina.core.ApplicationContext log
INFO: ContextListener: contextInitialized()
Dec 08, 2020 6:19:15 PM org.apache.catalina.core.ApplicationContext log
INFO: SessionListener: contextInitialized()
Dec 08, 2020 6:19:15 PM org.apache.catalina.core.ApplicationContext log
INFO: ContextListener: attributeAdded('StockTicker', 'async.Stockticker@6861135a')
Dec 08, 2020 6:19:15 PM org.apache.catalina.core.ApplicationContext log
INFO: ContextListener: attributeAdded('org.apache.jasper.compiler.TldLocationsCache', 'org.apache.jasper.compiler.TldLocationsCache@2e80d702')
Dec 08, 2020 6:19:15 PM org.apache.catalina.core.ApplicationContext log
INFO: SessionListener: contextDestroyed()
Dec 08, 2020 6:19:15 PM org.apache.catalina.core.ApplicationContext log
INFO: ContextListener: contextDestroyed()
Dec 08, 2020 6:27:19 PM org.apache.catalina.core.ApplicationContext log
INFO: ContextListener: contextInitialized()
Dec 08, 2020 6:27:19 PM org.apache.catalina.core.ApplicationContext log
INFO: SessionListener: contextInitialized()
Dec 08, 2020 6:27:19 PM org.apache.catalina.core.ApplicationContext log
INFO: ContextListener: attributeAdded('StockTicker', 'async.Stockticker@41499ed9')
Dec 08, 2020 6:27:19 PM org.apache.catalina.core.ApplicationContext log
INFO: ContextListener: attributeAdded('org.apache.jasper.compiler.TldLocationsCache', 'org.apache.jasper.compiler.TldLocationsCache@64a84210')
Dec 08, 2020 7:14:24 PM org.apache.catalina.core.ApplicationContext log
INFO: SessionListener: contextDestroyed()
Dec 08, 2020 7:14:24 PM org.apache.catalina.core.ApplicationContext log
INFO: ContextListener: contextDestroyed()
Dec 08, 2020 9:27:14 PM org.apache.catalina.core.ApplicationContext log
INFO: ContextListener: contextInitialized()
Dec 08, 2020 9:27:14 PM org.apache.catalina.core.ApplicationContext log
INFO: SessionListener: contextInitialized()
Dec 08, 2020 9:27:14 PM org.apache.catalina.core.ApplicationContext log
INFO: ContextListener: attributeAdded('StockTicker', 'async.Stockticker@71a4083c')
Dec 08, 2020 9:27:14 PM org.apache.catalina.core.ApplicationContext log
INFO: ContextListener: attributeAdded('org.apache.jasper.compiler.TldLocationsCache', 'org.apache.jasper.compiler.TldLocationsCache@5905511e')
Dec 08, 2020 9:30:12 PM org.apache.catalina.core.ApplicationContext log
INFO: SessionListener: contextDestroyed()
Dec 08, 2020 9:30:12 PM org.apache.catalina.core.ApplicationContext log
INFO: ContextListener: contextDestroyed()
Dec 08, 2020 9:30:22 PM org.apache.catalina.core.ApplicationContext log
INFO: ContextListener: contextInitialized()
Dec 08, 2020 9:30:22 PM org.apache.catalina.core.ApplicationContext log
INFO: SessionListener: contextInitialized()
Dec 08, 2020 9:30:22 PM org.apache.catalina.core.ApplicationContext log
INFO: ContextListener: attributeAdded('StockTicker', 'async.Stockticker@4a419bbe')
Dec 08, 2020 9:30:22 PM org.apache.catalina.core.ApplicationContext log
INFO: ContextListener: attributeAdded('org.apache.jasper.compiler.TldLocationsCache', 'org.apache.jasper.compiler.TldLocationsCache@7ad8aec')
Dec 08, 2020 9:30:50 PM org.apache.catalina.core.ApplicationContext log
INFO: SessionListener: contextDestroyed()
Dec 08, 2020 9:30:50 PM org.apache.catalina.core.ApplicationContext log
INFO: ContextListener: contextDestroyed()
Dec 08, 2020 9:32:15 PM org.apache.catalina.core.ApplicationContext log
INFO: ContextListener: contextInitialized()
Dec 08, 2020 9:32:15 PM org.apache.catalina.core.ApplicationContext log
INFO: SessionListener: contextInitialized()
Dec 08, 2020 9:32:15 PM org.apache.catalina.core.ApplicationContext log
INFO: ContextListener: attributeAdded('StockTicker', 'async.Stockticker@37b085ca')
Dec 08, 2020 9:32:15 PM org.apache.catalina.core.ApplicationContext log
INFO: ContextListener: attributeAdded('org.apache.jasper.compiler.TldLocationsCache', 'org.apache.jasper.compiler.TldLocationsCache@1ca6e83f')
Dec 08, 2020 9:32:37 PM org.apache.catalina.core.ApplicationContext log
INFO: SessionListener: contextDestroyed()
Dec 08, 2020 9:32:37 PM org.apache.catalina.core.ApplicationContext log
INFO: ContextListener: contextDestroyed()
Dec 08, 2020 9:32:42 PM org.apache.catalina.core.ApplicationContext log
INFO: ContextListener: contextInitialized()
Dec 08, 2020 9:32:42 PM org.apache.catalina.core.ApplicationContext log
INFO: SessionListener: contextInitialized()
Dec 08, 2020 9:32:42 PM org.apache.catalina.core.ApplicationContext log
INFO: ContextListener: attributeAdded('StockTicker', 'async.Stockticker@9bbbf6a')
Dec 08, 2020 9:32:42 PM org.apache.catalina.core.ApplicationContext log
INFO: ContextListener: attributeAdded('org.apache.jasper.compiler.TldLocationsCache', 'org.apache.jasper.compiler.TldLocationsCache@5fbd29c1')
Dec 08, 2020 9:35:10 PM org.apache.catalina.core.ApplicationContext log
INFO: SessionListener: contextDestroyed()
Dec 08, 2020 9:35:10 PM org.apache.catalina.core.ApplicationContext log
INFO: ContextListener: contextDestroyed()
Dec 08, 2020 9:36:37 PM org.apache.catalina.core.ApplicationContext log
INFO: ContextListener: contextInitialized()
Dec 08, 2020 9:36:37 PM org.apache.catalina.core.ApplicationContext log
INFO: SessionListener: contextInitialized()
Dec 08, 2020 9:36:37 PM org.apache.catalina.core.ApplicationContext log
INFO: ContextListener: attributeAdded('StockTicker', 'async.Stockticker@7a49a848')
Dec 08, 2020 9:36:37 PM org.apache.catalina.core.ApplicationContext log
INFO: ContextListener: attributeAdded('org.apache.jasper.compiler.TldLocationsCache', 'org.apache.jasper.compiler.TldLocationsCache@55f1edd7')
Dec 08, 2020 9:36:43 PM org.apache.catalina.core.ApplicationContext log
INFO: SessionListener: contextDestroyed()
Dec 08, 2020 9:36:43 PM org.apache.catalina.core.ApplicationContext log
INFO: ContextListener: contextDestroyed()
Dec 08, 2020 9:42:18 PM org.apache.catalina.core.ApplicationContext log
INFO: ContextListener: contextInitialized()
Dec 08, 2020 9:42:18 PM org.apache.catalina.core.ApplicationContext log
INFO: SessionListener: contextInitialized()
Dec 08, 2020 9:42:18 PM org.apache.catalina.core.ApplicationContext log
INFO: ContextListener: attributeAdded('StockTicker', 'async.Stockticker@645e747c')
Dec 08, 2020 9:42:18 PM org.apache.catalina.core.ApplicationContext log
INFO: ContextListener: attributeAdded('org.apache.jasper.compiler.TldLocationsCache', 'org.apache.jasper.compiler.TldLocationsCache@3fafe57d')
Dec 08, 2020 9:42:23 PM org.apache.catalina.core.ApplicationContext log
INFO: SessionListener: contextDestroyed()
Dec 08, 2020 9:42:23 PM org.apache.catalina.core.ApplicationContext log
INFO: ContextListener: contextDestroyed()
