Dec 08, 2020 6:27:50 PM org.apache.catalina.core.ApplicationContext log
INFO: ContextListener: contextInitialized()
Dec 08, 2020 6:27:50 PM org.apache.catalina.core.ApplicationContext log
INFO: SessionListener: contextInitialized()
Dec 08, 2020 6:27:50 PM org.apache.catalina.core.ApplicationContext log
INFO: ContextListener: attributeAdded('StockTicker', 'async.Stockticker@26c33f4a')
Dec 08, 2020 6:27:50 PM org.apache.catalina.core.ApplicationContext log
INFO: ContextListener: attributeAdded('org.apache.jasper.compiler.TldLocationsCache', 'org.apache.jasper.compiler.TldLocationsCache@48857a1')
Dec 08, 2020 6:49:48 PM org.apache.catalina.core.ApplicationContext log
INFO: ContextListener: contextInitialized()
Dec 08, 2020 6:49:48 PM org.apache.catalina.core.ApplicationContext log
INFO: SessionListener: contextInitialized()
Dec 08, 2020 6:49:48 PM org.apache.catalina.core.ApplicationContext log
INFO: ContextListener: attributeAdded('StockTicker', 'async.Stockticker@2b9bd62b')
Dec 08, 2020 6:49:48 PM org.apache.catalina.core.ApplicationContext log
INFO: ContextListener: attributeAdded('org.apache.jasper.compiler.TldLocationsCache', 'org.apache.jasper.compiler.TldLocationsCache@52a6ce68')
Dec 08, 2020 6:49:48 PM org.apache.catalina.core.ApplicationContext log
INFO: SessionListener: contextDestroyed()
Dec 08, 2020 6:49:48 PM org.apache.catalina.core.ApplicationContext log
INFO: ContextListener: contextDestroyed()
Dec 08, 2020 6:52:35 PM org.apache.catalina.core.ApplicationContext log
INFO: ContextListener: contextInitialized()
Dec 08, 2020 6:52:35 PM org.apache.catalina.core.ApplicationContext log
INFO: SessionListener: contextInitialized()
Dec 08, 2020 6:52:35 PM org.apache.catalina.core.ApplicationContext log
INFO: ContextListener: attributeAdded('StockTicker', 'async.Stockticker@6947c101')
Dec 08, 2020 6:52:35 PM org.apache.catalina.core.ApplicationContext log
INFO: ContextListener: attributeAdded('org.apache.jasper.compiler.TldLocationsCache', 'org.apache.jasper.compiler.TldLocationsCache@7197ac5')
Dec 08, 2020 6:52:35 PM org.apache.catalina.core.ApplicationContext log
INFO: SessionListener: contextDestroyed()
Dec 08, 2020 6:52:35 PM org.apache.catalina.core.ApplicationContext log
INFO: ContextListener: contextDestroyed()
Dec 08, 2020 7:18:42 PM org.apache.catalina.core.ApplicationContext log
INFO: ContextListener: contextInitialized()
Dec 08, 2020 7:18:42 PM org.apache.catalina.core.ApplicationContext log
INFO: SessionListener: contextInitialized()
Dec 08, 2020 7:18:42 PM org.apache.catalina.core.ApplicationContext log
INFO: ContextListener: attributeAdded('StockTicker', 'async.Stockticker@3680b507')
Dec 08, 2020 7:18:42 PM org.apache.catalina.core.ApplicationContext log
INFO: ContextListener: attributeAdded('org.apache.jasper.compiler.TldLocationsCache', 'org.apache.jasper.compiler.TldLocationsCache@13ced614')
Dec 08, 2020 7:18:42 PM org.apache.catalina.core.ApplicationContext log
INFO: SessionListener: contextDestroyed()
Dec 08, 2020 7:18:42 PM org.apache.catalina.core.ApplicationContext log
INFO: ContextListener: contextDestroyed()
Dec 08, 2020 7:23:25 PM org.apache.catalina.core.ApplicationContext log
INFO: ContextListener: contextInitialized()
Dec 08, 2020 7:23:25 PM org.apache.catalina.core.ApplicationContext log
INFO: SessionListener: contextInitialized()
Dec 08, 2020 7:23:25 PM org.apache.catalina.core.ApplicationContext log
INFO: ContextListener: attributeAdded('StockTicker', 'async.Stockticker@2b9bd62b')
Dec 08, 2020 7:23:25 PM org.apache.catalina.core.ApplicationContext log
INFO: ContextListener: attributeAdded('org.apache.jasper.compiler.TldLocationsCache', 'org.apache.jasper.compiler.TldLocationsCache@52a6ce68')
Dec 08, 2020 7:23:25 PM org.apache.catalina.core.ApplicationContext log
INFO: SessionListener: contextDestroyed()
Dec 08, 2020 7:23:25 PM org.apache.catalina.core.ApplicationContext log
INFO: ContextListener: contextDestroyed()
Dec 08, 2020 7:23:39 PM org.apache.catalina.core.ApplicationContext log
INFO: ContextListener: contextInitialized()
Dec 08, 2020 7:23:39 PM org.apache.catalina.core.ApplicationContext log
INFO: SessionListener: contextInitialized()
Dec 08, 2020 7:23:39 PM org.apache.catalina.core.ApplicationContext log
INFO: ContextListener: attributeAdded('StockTicker', 'async.Stockticker@2ef982ee')
Dec 08, 2020 7:23:39 PM org.apache.catalina.core.ApplicationContext log
INFO: ContextListener: attributeAdded('org.apache.jasper.compiler.TldLocationsCache', 'org.apache.jasper.compiler.TldLocationsCache@bf40321')
Dec 08, 2020 7:23:39 PM org.apache.catalina.core.ApplicationContext log
INFO: SessionListener: contextDestroyed()
Dec 08, 2020 7:23:39 PM org.apache.catalina.core.ApplicationContext log
INFO: ContextListener: contextDestroyed()
Dec 08, 2020 7:26:33 PM org.apache.catalina.core.ApplicationContext log
INFO: ContextListener: contextInitialized()
Dec 08, 2020 7:26:33 PM org.apache.catalina.core.ApplicationContext log
INFO: SessionListener: contextInitialized()
Dec 08, 2020 7:26:33 PM org.apache.catalina.core.ApplicationContext log
INFO: ContextListener: attributeAdded('StockTicker', 'async.Stockticker@4e81885e')
Dec 08, 2020 7:26:33 PM org.apache.catalina.core.ApplicationContext log
INFO: ContextListener: attributeAdded('org.apache.jasper.compiler.TldLocationsCache', 'org.apache.jasper.compiler.TldLocationsCache@739e5586')
Dec 08, 2020 7:26:33 PM org.apache.catalina.core.ApplicationContext log
INFO: SessionListener: contextDestroyed()
Dec 08, 2020 7:26:33 PM org.apache.catalina.core.ApplicationContext log
INFO: ContextListener: contextDestroyed()
Dec 08, 2020 7:31:44 PM org.apache.catalina.core.ApplicationContext log
INFO: ContextListener: contextInitialized()
Dec 08, 2020 7:31:44 PM org.apache.catalina.core.ApplicationContext log
INFO: SessionListener: contextInitialized()
Dec 08, 2020 7:31:44 PM org.apache.catalina.core.ApplicationContext log
INFO: ContextListener: attributeAdded('StockTicker', 'async.Stockticker@dccf4ec')
Dec 08, 2020 7:31:44 PM org.apache.catalina.core.ApplicationContext log
INFO: ContextListener: attributeAdded('org.apache.jasper.compiler.TldLocationsCache', 'org.apache.jasper.compiler.TldLocationsCache@61719895')
Dec 08, 2020 7:31:44 PM org.apache.catalina.core.ApplicationContext log
INFO: SessionListener: contextDestroyed()
Dec 08, 2020 7:31:44 PM org.apache.catalina.core.ApplicationContext log
INFO: ContextListener: contextDestroyed()
Dec 08, 2020 7:34:32 PM org.apache.catalina.core.ApplicationContext log
INFO: ContextListener: contextInitialized()
Dec 08, 2020 7:34:32 PM org.apache.catalina.core.ApplicationContext log
INFO: SessionListener: contextInitialized()
Dec 08, 2020 7:34:32 PM org.apache.catalina.core.ApplicationContext log
INFO: ContextListener: attributeAdded('StockTicker', 'async.Stockticker@47385a4c')
Dec 08, 2020 7:34:32 PM org.apache.catalina.core.ApplicationContext log
INFO: ContextListener: attributeAdded('org.apache.jasper.compiler.TldLocationsCache', 'org.apache.jasper.compiler.TldLocationsCache@2f11e6ab')
Dec 08, 2020 7:34:33 PM org.apache.catalina.core.ApplicationContext log
INFO: SessionListener: contextDestroyed()
Dec 08, 2020 7:34:33 PM org.apache.catalina.core.ApplicationContext log
INFO: ContextListener: contextDestroyed()
Dec 08, 2020 8:43:07 PM org.apache.catalina.core.ApplicationContext log
INFO: ContextListener: contextInitialized()
Dec 08, 2020 8:43:07 PM org.apache.catalina.core.ApplicationContext log
INFO: SessionListener: contextInitialized()
Dec 08, 2020 8:43:07 PM org.apache.catalina.core.ApplicationContext log
INFO: ContextListener: attributeAdded('StockTicker', 'async.Stockticker@3ce0fa27')
Dec 08, 2020 8:43:07 PM org.apache.catalina.core.ApplicationContext log
INFO: ContextListener: attributeAdded('org.apache.jasper.compiler.TldLocationsCache', 'org.apache.jasper.compiler.TldLocationsCache@73fcd52d')
Dec 08, 2020 8:43:07 PM org.apache.catalina.core.ApplicationContext log
INFO: SessionListener: contextDestroyed()
Dec 08, 2020 8:43:07 PM org.apache.catalina.core.ApplicationContext log
INFO: ContextListener: contextDestroyed()
Dec 08, 2020 8:47:27 PM org.apache.catalina.core.ApplicationContext log
INFO: ContextListener: contextInitialized()
Dec 08, 2020 8:47:27 PM org.apache.catalina.core.ApplicationContext log
INFO: SessionListener: contextInitialized()
Dec 08, 2020 8:47:27 PM org.apache.catalina.core.ApplicationContext log
INFO: ContextListener: attributeAdded('StockTicker', 'async.Stockticker@7d858f29')
Dec 08, 2020 8:47:27 PM org.apache.catalina.core.ApplicationContext log
INFO: ContextListener: attributeAdded('org.apache.jasper.compiler.TldLocationsCache', 'org.apache.jasper.compiler.TldLocationsCache@37b398c0')
Dec 08, 2020 8:47:27 PM org.apache.catalina.core.ApplicationContext log
INFO: SessionListener: contextDestroyed()
Dec 08, 2020 8:47:27 PM org.apache.catalina.core.ApplicationContext log
INFO: ContextListener: contextDestroyed()
Dec 08, 2020 8:48:35 PM org.apache.catalina.core.ApplicationContext log
INFO: ContextListener: contextInitialized()
Dec 08, 2020 8:48:35 PM org.apache.catalina.core.ApplicationContext log
INFO: SessionListener: contextInitialized()
Dec 08, 2020 8:48:35 PM org.apache.catalina.core.ApplicationContext log
INFO: ContextListener: attributeAdded('StockTicker', 'async.Stockticker@5b168d38')
Dec 08, 2020 8:48:35 PM org.apache.catalina.core.ApplicationContext log
INFO: ContextListener: attributeAdded('org.apache.jasper.compiler.TldLocationsCache', 'org.apache.jasper.compiler.TldLocationsCache@49da72e9')
Dec 08, 2020 8:48:35 PM org.apache.catalina.core.ApplicationContext log
INFO: SessionListener: contextDestroyed()
Dec 08, 2020 8:48:35 PM org.apache.catalina.core.ApplicationContext log
INFO: ContextListener: contextDestroyed()
Dec 08, 2020 8:50:07 PM org.apache.catalina.core.ApplicationContext log
INFO: ContextListener: contextInitialized()
Dec 08, 2020 8:50:07 PM org.apache.catalina.core.ApplicationContext log
INFO: SessionListener: contextInitialized()
Dec 08, 2020 8:50:07 PM org.apache.catalina.core.ApplicationContext log
INFO: ContextListener: attributeAdded('StockTicker', 'async.Stockticker@72ae65de')
Dec 08, 2020 8:50:07 PM org.apache.catalina.core.ApplicationContext log
INFO: ContextListener: attributeAdded('org.apache.jasper.compiler.TldLocationsCache', 'org.apache.jasper.compiler.TldLocationsCache@208cc710')
Dec 08, 2020 8:50:08 PM org.apache.catalina.core.ApplicationContext log
INFO: SessionListener: contextDestroyed()
Dec 08, 2020 8:50:08 PM org.apache.catalina.core.ApplicationContext log
INFO: ContextListener: contextDestroyed()
Dec 08, 2020 9:19:35 PM org.apache.catalina.core.ApplicationContext log
INFO: ContextListener: contextInitialized()
Dec 08, 2020 9:19:35 PM org.apache.catalina.core.ApplicationContext log
INFO: SessionListener: contextInitialized()
Dec 08, 2020 9:19:35 PM org.apache.catalina.core.ApplicationContext log
INFO: ContextListener: attributeAdded('StockTicker', 'async.Stockticker@5dddc06')
Dec 08, 2020 9:19:35 PM org.apache.catalina.core.ApplicationContext log
INFO: ContextListener: attributeAdded('org.apache.jasper.compiler.TldLocationsCache', 'org.apache.jasper.compiler.TldLocationsCache@12b2a223')
Dec 08, 2020 9:19:35 PM org.apache.catalina.core.ApplicationContext log
INFO: SessionListener: contextDestroyed()
Dec 08, 2020 9:19:35 PM org.apache.catalina.core.ApplicationContext log
INFO: ContextListener: contextDestroyed()
Dec 08, 2020 9:23:30 PM org.apache.catalina.core.ApplicationContext log
INFO: ContextListener: contextInitialized()
Dec 08, 2020 9:23:30 PM org.apache.catalina.core.ApplicationContext log
INFO: SessionListener: contextInitialized()
Dec 08, 2020 9:23:30 PM org.apache.catalina.core.ApplicationContext log
INFO: ContextListener: attributeAdded('StockTicker', 'async.Stockticker@6b238f6b')
Dec 08, 2020 9:23:30 PM org.apache.catalina.core.ApplicationContext log
INFO: ContextListener: attributeAdded('org.apache.jasper.compiler.TldLocationsCache', 'org.apache.jasper.compiler.TldLocationsCache@71f5d432')
Dec 08, 2020 9:23:30 PM org.apache.catalina.core.ApplicationContext log
INFO: SessionListener: contextDestroyed()
Dec 08, 2020 9:23:30 PM org.apache.catalina.core.ApplicationContext log
INFO: ContextListener: contextDestroyed()
Dec 08, 2020 9:31:55 PM org.apache.catalina.core.ApplicationContext log
INFO: ContextListener: contextInitialized()
Dec 08, 2020 9:31:55 PM org.apache.catalina.core.ApplicationContext log
INFO: SessionListener: contextInitialized()
Dec 08, 2020 9:31:55 PM org.apache.catalina.core.ApplicationContext log
INFO: ContextListener: attributeAdded('StockTicker', 'async.Stockticker@72ae65de')
Dec 08, 2020 9:31:55 PM org.apache.catalina.core.ApplicationContext log
INFO: ContextListener: attributeAdded('org.apache.jasper.compiler.TldLocationsCache', 'org.apache.jasper.compiler.TldLocationsCache@208cc710')
Dec 08, 2020 9:31:55 PM org.apache.catalina.core.ApplicationContext log
INFO: SessionListener: contextDestroyed()
Dec 08, 2020 9:31:55 PM org.apache.catalina.core.ApplicationContext log
INFO: ContextListener: contextDestroyed()
Dec 08, 2020 9:33:45 PM org.apache.catalina.core.ApplicationContext log
INFO: ContextListener: contextInitialized()
Dec 08, 2020 9:33:45 PM org.apache.catalina.core.ApplicationContext log
INFO: SessionListener: contextInitialized()
Dec 08, 2020 9:33:45 PM org.apache.catalina.core.ApplicationContext log
INFO: ContextListener: attributeAdded('StockTicker', 'async.Stockticker@1ca6e83f')
Dec 08, 2020 9:33:45 PM org.apache.catalina.core.ApplicationContext log
INFO: ContextListener: attributeAdded('org.apache.jasper.compiler.TldLocationsCache', 'org.apache.jasper.compiler.TldLocationsCache@173584c0')
Dec 08, 2020 9:33:45 PM org.apache.catalina.core.ApplicationContext log
INFO: SessionListener: contextDestroyed()
Dec 08, 2020 9:33:45 PM org.apache.catalina.core.ApplicationContext log
INFO: ContextListener: contextDestroyed()
Dec 08, 2020 9:34:19 PM org.apache.catalina.core.ApplicationContext log
INFO: ContextListener: contextInitialized()
Dec 08, 2020 9:34:19 PM org.apache.catalina.core.ApplicationContext log
INFO: SessionListener: contextInitialized()
Dec 08, 2020 9:34:19 PM org.apache.catalina.core.ApplicationContext log
INFO: ContextListener: attributeAdded('StockTicker', 'async.Stockticker@8c6dd6b')
Dec 08, 2020 9:34:19 PM org.apache.catalina.core.ApplicationContext log
INFO: ContextListener: attributeAdded('org.apache.jasper.compiler.TldLocationsCache', 'org.apache.jasper.compiler.TldLocationsCache@398ef15')
Dec 08, 2020 9:34:19 PM org.apache.catalina.core.ApplicationContext log
INFO: SessionListener: contextDestroyed()
Dec 08, 2020 9:34:19 PM org.apache.catalina.core.ApplicationContext log
INFO: ContextListener: contextDestroyed()
Dec 08, 2020 9:34:58 PM org.apache.catalina.core.ApplicationContext log
INFO: ContextListener: contextInitialized()
Dec 08, 2020 9:34:58 PM org.apache.catalina.core.ApplicationContext log
INFO: SessionListener: contextInitialized()
Dec 08, 2020 9:34:58 PM org.apache.catalina.core.ApplicationContext log
INFO: ContextListener: attributeAdded('StockTicker', 'async.Stockticker@5dddc06')
Dec 08, 2020 9:34:58 PM org.apache.catalina.core.ApplicationContext log
INFO: ContextListener: attributeAdded('org.apache.jasper.compiler.TldLocationsCache', 'org.apache.jasper.compiler.TldLocationsCache@12b2a223')
Dec 08, 2020 9:34:58 PM org.apache.catalina.core.ApplicationContext log
INFO: SessionListener: contextDestroyed()
Dec 08, 2020 9:34:58 PM org.apache.catalina.core.ApplicationContext log
INFO: ContextListener: contextDestroyed()
Dec 08, 2020 9:55:04 PM org.apache.catalina.core.ApplicationContext log
INFO: ContextListener: contextInitialized()
Dec 08, 2020 9:55:04 PM org.apache.catalina.core.ApplicationContext log
INFO: SessionListener: contextInitialized()
Dec 08, 2020 9:55:04 PM org.apache.catalina.core.ApplicationContext log
INFO: ContextListener: attributeAdded('StockTicker', 'async.Stockticker@7d858f29')
Dec 08, 2020 9:55:04 PM org.apache.catalina.core.ApplicationContext log
INFO: ContextListener: attributeAdded('org.apache.jasper.compiler.TldLocationsCache', 'org.apache.jasper.compiler.TldLocationsCache@37b398c0')
Dec 08, 2020 9:55:04 PM org.apache.catalina.core.ApplicationContext log
INFO: SessionListener: contextDestroyed()
Dec 08, 2020 9:55:04 PM org.apache.catalina.core.ApplicationContext log
INFO: ContextListener: contextDestroyed()
Dec 08, 2020 9:57:27 PM org.apache.catalina.core.ApplicationContext log
INFO: ContextListener: contextInitialized()
Dec 08, 2020 9:57:27 PM org.apache.catalina.core.ApplicationContext log
INFO: SessionListener: contextInitialized()
Dec 08, 2020 9:57:27 PM org.apache.catalina.core.ApplicationContext log
INFO: ContextListener: attributeAdded('StockTicker', 'async.Stockticker@76e276ec')
Dec 08, 2020 9:57:27 PM org.apache.catalina.core.ApplicationContext log
INFO: ContextListener: attributeAdded('org.apache.jasper.compiler.TldLocationsCache', 'org.apache.jasper.compiler.TldLocationsCache@45ef7d33')
Dec 08, 2020 9:59:53 PM org.apache.catalina.core.ApplicationContext log
INFO: ContextListener: contextInitialized()
Dec 08, 2020 9:59:53 PM org.apache.catalina.core.ApplicationContext log
INFO: SessionListener: contextInitialized()
Dec 08, 2020 9:59:53 PM org.apache.catalina.core.ApplicationContext log
INFO: ContextListener: attributeAdded('StockTicker', 'async.Stockticker@6b238f6b')
Dec 08, 2020 9:59:53 PM org.apache.catalina.core.ApplicationContext log
INFO: ContextListener: attributeAdded('org.apache.jasper.compiler.TldLocationsCache', 'org.apache.jasper.compiler.TldLocationsCache@71f5d432')
Dec 08, 2020 9:59:53 PM org.apache.catalina.core.ApplicationContext log
INFO: SessionListener: contextDestroyed()
Dec 08, 2020 9:59:53 PM org.apache.catalina.core.ApplicationContext log
INFO: ContextListener: contextDestroyed()
Dec 08, 2020 10:48:20 PM org.apache.catalina.core.ApplicationContext log
INFO: SessionListener: contextDestroyed()
Dec 08, 2020 10:48:20 PM org.apache.catalina.core.ApplicationContext log
INFO: ContextListener: contextDestroyed()
Dec 08, 2020 10:48:56 PM org.apache.catalina.core.ApplicationContext log
INFO: ContextListener: contextInitialized()
Dec 08, 2020 10:48:56 PM org.apache.catalina.core.ApplicationContext log
INFO: SessionListener: contextInitialized()
Dec 08, 2020 10:48:56 PM org.apache.catalina.core.ApplicationContext log
INFO: ContextListener: attributeAdded('StockTicker', 'async.Stockticker@75a921ff')
Dec 08, 2020 10:48:56 PM org.apache.catalina.core.ApplicationContext log
INFO: ContextListener: attributeAdded('org.apache.jasper.compiler.TldLocationsCache', 'org.apache.jasper.compiler.TldLocationsCache@3085ad14')
Dec 08, 2020 10:48:56 PM org.apache.catalina.core.ApplicationContext log
INFO: SessionListener: contextDestroyed()
Dec 08, 2020 10:48:56 PM org.apache.catalina.core.ApplicationContext log
INFO: ContextListener: contextDestroyed()
Dec 08, 2020 10:57:44 PM org.apache.catalina.core.ApplicationContext log
INFO: ContextListener: contextInitialized()
Dec 08, 2020 10:57:44 PM org.apache.catalina.core.ApplicationContext log
INFO: SessionListener: contextInitialized()
Dec 08, 2020 10:57:44 PM org.apache.catalina.core.ApplicationContext log
INFO: ContextListener: attributeAdded('StockTicker', 'async.Stockticker@41e87f88')
Dec 08, 2020 10:57:44 PM org.apache.catalina.core.ApplicationContext log
INFO: ContextListener: attributeAdded('org.apache.jasper.compiler.TldLocationsCache', 'org.apache.jasper.compiler.TldLocationsCache@52298253')
Dec 08, 2020 10:57:44 PM org.apache.catalina.core.ApplicationContext log
INFO: SessionListener: contextDestroyed()
Dec 08, 2020 10:57:44 PM org.apache.catalina.core.ApplicationContext log
INFO: ContextListener: contextDestroyed()
Dec 08, 2020 10:58:42 PM org.apache.catalina.core.ApplicationContext log
INFO: ContextListener: contextInitialized()
Dec 08, 2020 10:58:42 PM org.apache.catalina.core.ApplicationContext log
INFO: SessionListener: contextInitialized()
Dec 08, 2020 10:58:42 PM org.apache.catalina.core.ApplicationContext log
INFO: ContextListener: attributeAdded('StockTicker', 'async.Stockticker@b685630')
Dec 08, 2020 10:58:42 PM org.apache.catalina.core.ApplicationContext log
INFO: ContextListener: attributeAdded('org.apache.jasper.compiler.TldLocationsCache', 'org.apache.jasper.compiler.TldLocationsCache@62938af6')
Dec 08, 2020 11:00:01 PM org.apache.catalina.core.ApplicationContext log
INFO: SessionListener: contextDestroyed()
Dec 08, 2020 11:00:01 PM org.apache.catalina.core.ApplicationContext log
INFO: ContextListener: contextDestroyed()
Dec 08, 2020 11:00:06 PM org.apache.catalina.core.ApplicationContext log
INFO: ContextListener: contextInitialized()
Dec 08, 2020 11:00:06 PM org.apache.catalina.core.ApplicationContext log
INFO: SessionListener: contextInitialized()
Dec 08, 2020 11:00:06 PM org.apache.catalina.core.ApplicationContext log
INFO: ContextListener: attributeAdded('StockTicker', 'async.Stockticker@68624e72')
Dec 08, 2020 11:00:06 PM org.apache.catalina.core.ApplicationContext log
INFO: ContextListener: attributeAdded('org.apache.jasper.compiler.TldLocationsCache', 'org.apache.jasper.compiler.TldLocationsCache@4b7ed84b')
Dec 08, 2020 11:00:22 PM org.apache.catalina.core.ApplicationContext log
INFO: SessionListener: contextDestroyed()
Dec 08, 2020 11:00:22 PM org.apache.catalina.core.ApplicationContext log
INFO: ContextListener: contextDestroyed()
